2019-03-29 22:12:39 INFO  BaseTest:33 - *** PLATFORM : null
2019-03-29 22:13:24 INFO  BaseTest:33 - *** PLATFORM : null
2019-03-29 22:14:08 INFO  BaseTest:33 - *** PLATFORM : null
2019-03-29 22:14:18 INFO  BaseTest:33 - *** PLATFORM : null
2019-03-29 22:14:56 INFO  BaseTest:21 - text:istanbul
2019-03-29 22:15:14 INFO  BaseTest:33 - *** PLATFORM : null
2019-03-29 22:15:38 INFO  BaseTest:21 - text:istanbul
2019-03-29 22:18:09 INFO  BaseTest:33 - *** PLATFORM : null
2019-03-29 22:18:32 INFO  BaseTest:21 - text:istanbul
2019-03-29 22:20:35 INFO  BaseTest:33 - *** PLATFORM : null
2019-03-29 22:21:17 INFO  BaseTest:33 - *** PLATFORM : null
2019-03-29 22:22:02 INFO  BaseTest:33 - *** PLATFORM : null
2019-03-29 22:22:50 INFO  BaseTest:33 - *** PLATFORM : null
2019-03-29 22:23:13 INFO  BaseTest:21 - text:istanbul
2019-03-29 22:23:20 INFO  BaseTest:39 - incoming elementFROM
2019-03-29 22:23:20 INFO  BaseTest:40 - expected elementIstanbul Tümü
2019-03-29 22:26:29 INFO  BaseTest:33 - *** PLATFORM : null
2019-03-29 22:26:56 INFO  BaseTest:21 - text:istanbul
2019-03-29 22:27:03 INFO  BaseTest:39 - expected element Istanbul Tümü
2019-03-29 22:27:33 INFO  BaseTest:33 - *** PLATFORM : null
2019-03-29 22:27:41 INFO  BaseTest:33 - *** PLATFORM : null
2019-03-29 22:28:19 INFO  BaseTest:33 - *** PLATFORM : null
2019-03-29 22:28:24 INFO  BaseTest:33 - *** PLATFORM : null
2019-03-29 22:28:46 INFO  BaseTest:21 - text:istanbul
2019-03-29 22:28:53 INFO  BaseTest:39 - expected element Istanbul Tümü
2019-03-29 22:34:27 INFO  BaseTest:33 - *** PLATFORM : null
2019-03-29 22:34:55 INFO  BaseTest:21 - text:istanbul
2019-03-29 22:35:02 INFO  BaseTest:42 - expected element : Istanbul Tümü
2019-03-29 22:35:02 INFO  BaseTest:43 - incoming element : istanbul tümü
2019-03-29 22:35:02 INFO  BaseTest:46 - istanbul tümü ve istanbul tümü elementleri eşit
2019-03-29 22:35:04 INFO  BaseTest:21 - text:adana
2019-03-29 22:35:13 INFO  BaseTest:42 - expected element : adana
2019-03-29 22:35:13 INFO  BaseTest:43 - incoming element : adana
2019-03-29 22:35:13 INFO  BaseTest:46 - adana ve adana elementleri eşit
2019-03-29 22:38:26 INFO  BaseTest:33 - *** PLATFORM : null
2019-03-29 22:38:52 INFO  BaseTest:21 - text:istanbul
2019-03-29 22:39:00 INFO  BaseTest:42 - expected element : Istanbul Tümü
2019-03-29 22:39:00 INFO  BaseTest:43 - incoming element : istanbul tümü
2019-03-29 22:39:00 INFO  BaseTest:46 - istanbul tümü ve istanbul tümü elementleri eşit
2019-03-29 22:39:01 INFO  BaseTest:21 - text:adana
2019-03-29 22:39:09 INFO  BaseTest:42 - expected element : adana
2019-03-29 22:39:09 INFO  BaseTest:43 - incoming element : adana
2019-03-29 22:39:09 INFO  BaseTest:46 - adana ve adana elementleri eşit
2019-03-29 22:43:32 INFO  BaseTest:33 - *** PLATFORM : null
2019-03-29 22:44:02 INFO  BaseTest:21 - text:istanbul
2019-03-29 22:44:10 INFO  BaseTest:42 - expected element : Istanbul Tümü
2019-03-29 22:44:10 INFO  BaseTest:43 - incoming element : istanbul tümü
2019-03-29 22:44:10 INFO  BaseTest:46 - istanbul tümü ve istanbul tümü elementleri eşit
2019-03-29 22:44:11 INFO  BaseTest:21 - text:adana
2019-03-29 22:44:19 INFO  BaseTest:42 - expected element : adana
2019-03-29 22:44:19 INFO  BaseTest:43 - incoming element : adana
2019-03-29 22:44:19 INFO  BaseTest:46 - adana ve adana elementleri eşit
2019-03-29 22:51:11 INFO  BaseTest:33 - *** PLATFORM : null
2019-03-29 22:51:43 INFO  BaseTest:21 - text:istanbul
2019-03-29 22:51:52 INFO  BaseTest:42 - expected element : Istanbul Tümü
2019-03-29 22:51:52 INFO  BaseTest:43 - incoming element : istanbul tümü
2019-03-29 22:51:52 INFO  BaseTest:46 - istanbul tümü ve istanbul tümü elementleri eşit
2019-03-29 22:51:54 INFO  BaseTest:21 - text:adana
2019-03-29 22:52:01 INFO  BaseTest:42 - expected element : adana
2019-03-29 22:52:01 INFO  BaseTest:43 - incoming element : adana
2019-03-29 22:52:01 INFO  BaseTest:46 - adana ve adana elementleri eşit
2019-03-29 22:52:17 INFO  BaseTest:69 - TICKETelement does not visible
2019-03-29 22:52:17 ERROR Mapper:62 - TICKET is not found in click_element file for ANDROID
2019-03-29 22:53:30 INFO  BaseTest:33 - *** PLATFORM : null
2019-03-29 22:53:56 INFO  BaseTest:21 - text:istanbul
2019-03-29 22:54:04 INFO  BaseTest:42 - expected element : Istanbul Tümü
2019-03-29 22:54:04 INFO  BaseTest:43 - incoming element : istanbul tümü
2019-03-29 22:54:04 INFO  BaseTest:46 - istanbul tümü ve istanbul tümü elementleri eşit
2019-03-29 22:54:05 INFO  BaseTest:21 - text:adana
2019-03-29 22:54:13 INFO  BaseTest:42 - expected element : adana
2019-03-29 22:54:13 INFO  BaseTest:43 - incoming element : adana
2019-03-29 22:54:13 INFO  BaseTest:46 - adana ve adana elementleri eşit
2019-03-29 22:54:29 INFO  BaseTest:69 - TICKETelement does not visible
2019-03-29 22:58:45 INFO  BaseTest:33 - *** PLATFORM : null
2019-03-29 22:59:11 INFO  BaseTest:19 - text:istanbul
2019-03-29 22:59:21 INFO  BaseTest:40 - expected element : Istanbul Tümü
2019-03-29 22:59:21 INFO  BaseTest:41 - incoming element : istanbul tümü
2019-03-29 22:59:21 INFO  BaseTest:44 - istanbul tümü ve istanbul tümü elementleri eşit
2019-03-29 22:59:22 INFO  BaseTest:19 - text:adana
2019-03-29 22:59:30 INFO  BaseTest:40 - expected element : adana
2019-03-29 22:59:30 INFO  BaseTest:41 - incoming element : adana
2019-03-29 22:59:30 INFO  BaseTest:44 - adana ve adana elementleri eşit
2019-03-29 22:59:45 INFO  BaseTest:67 - TICKETelement does not visible
2019-03-29 23:07:34 INFO  BaseTest:33 - *** PLATFORM : null
2019-03-29 23:08:10 INFO  BaseTest:19 - text:istanbul
2019-03-29 23:08:18 INFO  BaseTest:40 - expected element : Istanbul Tümü
2019-03-29 23:08:18 INFO  BaseTest:41 - incoming element : istanbul tümü
2019-03-29 23:08:18 INFO  BaseTest:44 - istanbul tümü ve istanbul tümü elementleri eşit
2019-03-29 23:08:20 INFO  BaseTest:19 - text:adana
2019-03-29 23:08:30 INFO  BaseTest:40 - expected element : adana
2019-03-29 23:08:30 INFO  BaseTest:41 - incoming element : adana
2019-03-29 23:08:30 INFO  BaseTest:44 - adana ve adana elementleri eşit
2019-03-29 23:10:52 INFO  BaseTest:33 - *** PLATFORM : null
2019-03-29 23:11:20 INFO  BaseTest:19 - text:istanbul
2019-03-29 23:11:29 INFO  BaseTest:40 - expected element : Istanbul Tümü
2019-03-29 23:11:29 INFO  BaseTest:41 - incoming element : istanbul tümü
2019-03-29 23:11:29 INFO  BaseTest:44 - istanbul tümü ve istanbul tümü elementleri eşit
2019-03-29 23:11:30 INFO  BaseTest:19 - text:adana
2019-03-29 23:11:39 INFO  BaseTest:40 - expected element : adana
2019-03-29 23:11:39 INFO  BaseTest:41 - incoming element : adana
2019-03-29 23:11:39 INFO  BaseTest:44 - adana ve adana elementleri eşit
2019-03-29 23:11:52 INFO  BaseTest:69 - 0. swipe yapılıyor
2019-03-29 23:11:54 INFO  BaseTest:69 - 1. swipe yapılıyor
2019-03-29 23:11:55 INFO  BaseTest:69 - 2. swipe yapılıyor
2019-03-29 23:11:57 INFO  BaseTest:69 - 3. swipe yapılıyor
2019-03-29 23:11:58 INFO  BaseTest:69 - 4. swipe yapılıyor
2019-03-29 23:11:59 INFO  BaseTest:69 - 5. swipe yapılıyor
2019-03-29 23:12:00 INFO  BaseTest:69 - 6. swipe yapılıyor
2019-03-29 23:12:01 INFO  BaseTest:69 - 7. swipe yapılıyor
2019-03-29 23:12:01 INFO  BaseTest:69 - 8. swipe yapılıyor
2019-03-29 23:12:02 INFO  BaseTest:69 - 9. swipe yapılıyor
2019-03-29 23:12:03 INFO  BaseTest:69 - 10. swipe yapılıyor
2019-03-29 23:12:04 INFO  BaseTest:69 - 11. swipe yapılıyor
2019-03-29 23:12:05 INFO  BaseTest:69 - 12. swipe yapılıyor
2019-03-29 23:12:05 INFO  BaseTest:69 - 13. swipe yapılıyor
2019-03-29 23:12:06 INFO  BaseTest:69 - 14. swipe yapılıyor
2019-03-29 23:12:07 INFO  BaseTest:69 - 15. swipe yapılıyor
2019-03-29 23:12:08 INFO  BaseTest:69 - 16. swipe yapılıyor
2019-03-29 23:12:09 INFO  BaseTest:69 - 17. swipe yapılıyor
2019-03-29 23:12:10 INFO  BaseTest:69 - 18. swipe yapılıyor
2019-03-29 23:12:10 INFO  BaseTest:69 - 19. swipe yapılıyor
2019-03-29 23:12:11 INFO  BaseTest:69 - 20. swipe yapılıyor
2019-03-29 23:12:12 INFO  BaseTest:69 - 21. swipe yapılıyor
2019-03-29 23:12:13 INFO  BaseTest:69 - 22. swipe yapılıyor
2019-03-29 23:12:13 INFO  BaseTest:69 - 23. swipe yapılıyor
2019-03-29 23:12:14 INFO  BaseTest:69 - 24. swipe yapılıyor
2019-03-29 23:15:51 INFO  BaseTest:33 - *** PLATFORM : null
2019-03-29 23:16:24 INFO  BaseTest:19 - text:istanbul
2019-03-29 23:16:35 INFO  BaseTest:40 - expected element : Istanbul Tümü
2019-03-29 23:16:35 INFO  BaseTest:41 - incoming element : istanbul tümü
2019-03-29 23:16:35 INFO  BaseTest:44 - istanbul tümü ve istanbul tümü elementleri eşit
2019-03-29 23:16:36 INFO  BaseTest:19 - text:adana
2019-03-29 23:16:44 INFO  BaseTest:40 - expected element : adana
2019-03-29 23:16:44 INFO  BaseTest:41 - incoming element : adana
2019-03-29 23:16:44 INFO  BaseTest:44 - adana ve adana elementleri eşit
2019-03-29 23:16:55 INFO  BaseTest:65 - 
2019-03-29 23:16:55 INFO  BaseTest:71 - 0. swipe yapılıyor
2019-03-29 23:16:56 INFO  BaseTest:71 - 1. swipe yapılıyor
2019-03-29 23:16:57 INFO  BaseTest:71 - 2. swipe yapılıyor
2019-03-29 23:16:58 INFO  BaseTest:71 - 3. swipe yapılıyor
2019-03-29 23:16:58 INFO  BaseTest:71 - 4. swipe yapılıyor
2019-03-29 23:16:59 INFO  BaseTest:71 - 5. swipe yapılıyor
2019-03-29 23:16:59 INFO  BaseTest:71 - 6. swipe yapılıyor
2019-03-29 23:17:00 INFO  BaseTest:71 - 7. swipe yapılıyor
2019-03-29 23:17:00 INFO  BaseTest:71 - 8. swipe yapılıyor
2019-03-29 23:17:01 INFO  BaseTest:71 - 9. swipe yapılıyor
2019-03-29 23:17:01 INFO  BaseTest:71 - 10. swipe yapılıyor
2019-03-29 23:17:02 INFO  BaseTest:71 - 11. swipe yapılıyor
2019-03-29 23:17:02 INFO  BaseTest:71 - 12. swipe yapılıyor
2019-03-29 23:17:03 INFO  BaseTest:71 - 13. swipe yapılıyor
2019-03-29 23:17:03 INFO  BaseTest:71 - 14. swipe yapılıyor
2019-03-29 23:17:03 INFO  BaseTest:71 - 15. swipe yapılıyor
2019-03-29 23:17:04 INFO  BaseTest:71 - 16. swipe yapılıyor
2019-03-29 23:17:05 INFO  BaseTest:71 - 17. swipe yapılıyor
2019-03-29 23:17:05 INFO  BaseTest:71 - 18. swipe yapılıyor
2019-03-29 23:17:05 INFO  BaseTest:71 - 19. swipe yapılıyor
2019-03-29 23:17:06 INFO  BaseTest:71 - 20. swipe yapılıyor
2019-03-29 23:17:07 INFO  BaseTest:71 - 21. swipe yapılıyor
2019-03-29 23:17:07 INFO  BaseTest:71 - 22. swipe yapılıyor
2019-03-29 23:17:08 INFO  BaseTest:71 - 23. swipe yapılıyor
2019-03-29 23:17:08 INFO  BaseTest:71 - 24. swipe yapılıyor
2019-03-29 23:21:52 INFO  BaseTest:33 - *** PLATFORM : null
2019-03-29 23:22:17 INFO  BaseTest:19 - text:istanbul
2019-03-29 23:22:25 INFO  BaseTest:40 - expected element : Istanbul Tümü
2019-03-29 23:22:25 INFO  BaseTest:41 - incoming element : istanbul tümü
2019-03-29 23:22:25 INFO  BaseTest:44 - istanbul tümü ve istanbul tümü elementleri eşit
2019-03-29 23:22:27 INFO  BaseTest:19 - text:adana
2019-03-29 23:22:35 INFO  BaseTest:40 - expected element : adana
2019-03-29 23:22:35 INFO  BaseTest:41 - incoming element : adana
2019-03-29 23:22:35 INFO  BaseTest:44 - adana ve adana elementleri eşit
2019-03-29 23:22:50 INFO  BaseTest:65 - 
2019-03-29 23:22:50 INFO  BaseTest:71 - 0. swipe yapılıyor
2019-03-29 23:22:50 INFO  BaseTest:71 - 1. swipe yapılıyor
2019-03-29 23:22:51 INFO  BaseTest:71 - 2. swipe yapılıyor
2019-03-29 23:22:51 INFO  BaseTest:71 - 3. swipe yapılıyor
2019-03-29 23:22:52 INFO  BaseTest:71 - 4. swipe yapılıyor
2019-03-29 23:22:52 INFO  BaseTest:71 - 5. swipe yapılıyor
2019-03-29 23:22:52 INFO  BaseTest:71 - 6. swipe yapılıyor
2019-03-29 23:22:53 INFO  BaseTest:71 - 7. swipe yapılıyor
2019-03-29 23:22:53 INFO  BaseTest:71 - 8. swipe yapılıyor
2019-03-29 23:22:54 INFO  BaseTest:71 - 9. swipe yapılıyor
2019-03-29 23:22:55 INFO  BaseTest:71 - 10. swipe yapılıyor
2019-03-29 23:22:55 INFO  BaseTest:71 - 11. swipe yapılıyor
2019-03-29 23:22:56 INFO  BaseTest:71 - 12. swipe yapılıyor
2019-03-29 23:22:56 INFO  BaseTest:71 - 13. swipe yapılıyor
2019-03-29 23:22:57 INFO  BaseTest:71 - 14. swipe yapılıyor
2019-03-29 23:22:58 INFO  BaseTest:71 - 15. swipe yapılıyor
2019-03-29 23:22:58 INFO  BaseTest:71 - 16. swipe yapılıyor
2019-03-29 23:22:59 INFO  BaseTest:71 - 17. swipe yapılıyor
2019-03-29 23:22:59 INFO  BaseTest:71 - 18. swipe yapılıyor
2019-03-29 23:23:00 INFO  BaseTest:71 - 19. swipe yapılıyor
2019-03-29 23:23:01 INFO  BaseTest:71 - 20. swipe yapılıyor
2019-03-29 23:23:01 INFO  BaseTest:71 - 21. swipe yapılıyor
2019-03-29 23:23:02 INFO  BaseTest:71 - 22. swipe yapılıyor
2019-03-29 23:23:02 INFO  BaseTest:71 - 23. swipe yapılıyor
2019-03-29 23:23:03 INFO  BaseTest:71 - 24. swipe yapılıyor
2019-03-29 23:37:28 INFO  BaseTest:33 - *** PLATFORM : null
2019-03-29 23:37:57 INFO  BaseTest:19 - text:istanbul
2019-03-29 23:38:07 INFO  BaseTest:40 - expected element : Istanbul Tümü
2019-03-29 23:38:07 INFO  BaseTest:41 - incoming element : istanbul tümü
2019-03-29 23:38:07 INFO  BaseTest:44 - istanbul tümü ve istanbul tümü elementleri eşit
2019-03-29 23:38:08 INFO  BaseTest:19 - text:adana
2019-03-29 23:38:16 INFO  BaseTest:40 - expected element : adana
2019-03-29 23:38:16 INFO  BaseTest:41 - incoming element : adana
2019-03-29 23:38:16 INFO  BaseTest:44 - adana ve adana elementleri eşit
2019-03-29 23:38:31 INFO  BaseTest:65 - 09:45
2019-03-29 23:38:31 INFO  BaseTest:71 - 1. swipe yapılıyor
2019-03-29 23:38:31 INFO  BaseTest:71 - 2. swipe yapılıyor
2019-03-29 23:38:31 INFO  BaseTest:71 - 3. swipe yapılıyor
2019-03-29 23:38:32 INFO  BaseTest:71 - 4. swipe yapılıyor
2019-03-29 23:38:32 INFO  BaseTest:71 - 5. swipe yapılıyor
2019-03-29 23:38:33 INFO  BaseTest:71 - 6. swipe yapılıyor
2019-03-29 23:38:33 INFO  BaseTest:71 - 7. swipe yapılıyor
2019-03-29 23:38:34 INFO  BaseTest:71 - 8. swipe yapılıyor
2019-03-29 23:38:34 INFO  BaseTest:71 - 9. swipe yapılıyor
2019-03-29 23:38:35 INFO  BaseTest:71 - 10. swipe yapılıyor
2019-03-29 23:38:35 INFO  BaseTest:71 - 11. swipe yapılıyor
2019-03-29 23:38:36 INFO  BaseTest:71 - 12. swipe yapılıyor
2019-03-29 23:38:36 INFO  BaseTest:71 - 13. swipe yapılıyor
2019-03-29 23:38:37 INFO  BaseTest:71 - 14. swipe yapılıyor
2019-03-29 23:38:37 INFO  BaseTest:71 - 15. swipe yapılıyor
2019-03-29 23:38:38 INFO  BaseTest:71 - 16. swipe yapılıyor
2019-03-29 23:38:38 INFO  BaseTest:71 - 17. swipe yapılıyor
2019-03-29 23:38:39 INFO  BaseTest:71 - 18. swipe yapılıyor
2019-03-29 23:38:39 INFO  BaseTest:71 - 19. swipe yapılıyor
2019-03-29 23:38:40 INFO  BaseTest:71 - 20. swipe yapılıyor
2019-03-29 23:38:40 INFO  BaseTest:71 - 21. swipe yapılıyor
2019-03-29 23:38:41 INFO  BaseTest:71 - 22. swipe yapılıyor
2019-03-29 23:38:41 INFO  BaseTest:71 - 23. swipe yapılıyor
2019-03-29 23:38:42 INFO  BaseTest:71 - 24. swipe yapılıyor
2019-03-29 23:38:42 INFO  BaseTest:71 - 25. swipe yapılıyor
2019-03-29 23:43:27 INFO  BaseTest:33 - *** PLATFORM : null
2019-03-29 23:43:56 INFO  BaseTest:19 - text:istanbul
2019-03-29 23:44:04 INFO  BaseTest:40 - expected element : Istanbul Tümü
2019-03-29 23:44:04 INFO  BaseTest:41 - incoming element : istanbul tümü
2019-03-29 23:44:04 INFO  BaseTest:44 - istanbul tümü ve istanbul tümü elementleri eşit
2019-03-29 23:44:05 INFO  BaseTest:19 - text:adana
2019-03-29 23:44:16 INFO  BaseTest:40 - expected element : adana
2019-03-29 23:44:16 INFO  BaseTest:41 - incoming element : adana
2019-03-29 23:44:16 INFO  BaseTest:44 - adana ve adana elementleri eşit
2019-03-29 23:44:30 INFO  BaseTest:67 - 09:45
2019-03-29 23:44:30 INFO  BaseTest:72 - 1. swipe yapılıyor
2019-03-29 23:44:31 INFO  BaseTest:67 - Adana
2019-03-29 23:44:31 INFO  BaseTest:72 - 2. swipe yapılıyor
2019-03-29 23:44:33 INFO  BaseTest:67 - 11:20
2019-03-29 23:44:33 INFO  BaseTest:72 - 3. swipe yapılıyor
2019-03-29 23:44:35 INFO  BaseTest:67 - Adana
2019-03-29 23:44:35 INFO  BaseTest:72 - 4. swipe yapılıyor
2019-03-29 23:44:36 INFO  BaseTest:67 - 22:10
2019-03-29 23:44:36 INFO  BaseTest:72 - 5. swipe yapılıyor
2019-03-29 23:44:37 INFO  BaseTest:67 - 23:50
2019-03-29 23:44:37 INFO  BaseTest:69 - TICKETelement exists
2019-03-30 00:50:59 INFO  BaseTest:33 - *** PLATFORM : null
2019-03-30 00:51:40 INFO  BaseTest:33 - *** PLATFORM : null
2019-03-30 00:52:19 INFO  BaseTest:33 - *** PLATFORM : null
2019-03-30 00:53:07 INFO  BaseTest:33 - *** PLATFORM : null
2019-03-30 00:53:28 INFO  BaseTest:19 - text:5542330602 
2019-03-30 00:53:35 INFO  BaseTest:19 - text:120304
2019-03-30 01:06:08 INFO  BaseTest:33 - *** PLATFORM : null
2019-03-30 01:07:06 INFO  BaseTest:33 - *** PLATFORM : null
2019-03-30 01:07:32 INFO  BaseTest:19 - text:5542330602
2019-03-30 01:07:39 INFO  BaseTest:19 - text:120304
2019-03-30 01:07:53 INFO  BaseTest:82 - <?xml version="1.0" encoding="UTF-8"?><hierarchy rotation="0"><android.widget.FrameLayout index="0" text="" class="android.widget.FrameLayout" package="com.pozitron.pegasus" content-desc="" checkable="false" checked="false" clickable="false" enabled="true" focusable="false" focused="false" scrollable="false" long-clickable="false" password="false" selected="false" bounds="[0,0][1080,1920]" resource-id="" instance="0"><android.widget.LinearLayout index="0" text="" class="android.widget.LinearLayout" package="com.pozitron.pegasus" content-desc="" checkable="false" checked="false" clickable="false" enabled="true" focusable="false" focused="false" scrollable="false" long-clickable="false" password="false" selected="false" bounds="[0,0][1080,1920]" resource-id="" instance="0"><android.widget.FrameLayout index="0" text="" class="android.widget.FrameLayout" package="com.pozitron.pegasus" content-desc="" checkable="false" checked="false" clickable="false" enabled="true" focusable="false" focused="false" scrollable="false" long-clickable="false" password="false" selected="false" bounds="[0,72][1080,1920]" resource-id="" instance="1"><android.widget.LinearLayout index="0" text="" class="android.widget.LinearLayout" package="com.pozitron.pegasus" content-desc="" checkable="false" checked="false" clickable="false" enabled="true" focusable="false" focused="false" scrollable="false" long-clickable="false" password="false" selected="false" bounds="[0,72][1080,1920]" resource-id="com.pozitron.pegasus:id/action_bar_root" instance="1"><android.widget.FrameLayout index="0" text="" class="android.widget.FrameLayout" package="com.pozitron.pegasus" content-desc="" checkable="false" checked="false" clickable="false" enabled="true" focusable="false" focused="false" scrollable="false" long-clickable="false" password="false" selected="false" bounds="[0,72][1080,1920]" resource-id="android:id/content" instance="2"><android.widget.LinearLayout index="0" text="" class="android.widget.LinearLayout" package="com.pozitron.pegasus" content-desc="" checkable="false" checked="false" clickable="false" enabled="true" focusable="false" focused="false" scrollable="false" long-clickable="false" password="false" selected="false" bounds="[0,72][1080,1920]" resource-id="" instance="2"><android.view.ViewGroup index="0" text="" class="android.view.ViewGroup" package="com.pozitron.pegasus" content-desc="" checkable="false" checked="false" clickable="false" enabled="true" focusable="false" focused="false" scrollable="false" long-clickable="false" password="false" selected="false" bounds="[0,72][1080,240]" resource-id="com.pozitron.pegasus:id/layout_toolbar_toolbar" instance="0"><android.widget.ImageButton index="0" text="" class="android.widget.ImageButton" package="com.pozitron.pegasus" content-desc="Yukarı git" checkable="false" checked="false" clickable="true" enabled="true" focusable="true" focused="false" scrollable="false" long-clickable="false" password="false" selected="false" bounds="[0,72][168,240]" resource-id="" instance="0"/><android.widget.LinearLayout index="1" text="" class="android.widget.LinearLayout" package="com.pozitron.pegasus" content-desc="" checkable="false" checked="false" clickable="false" enabled="true" focusable="false" focused="false" scrollable="false" long-clickable="false" password="false" selected="false" bounds="[216,110][1080,201]" resource-id="" instance="3"><android.widget.TextView index="0" text="Hesabım" class="android.widget.TextView" package="com.pozitron.pegasus" content-desc="" checkable="false" checked="false" clickable="false" enabled="true" focusable="false" focused="false" scrollable="false" long-clickable="false" password="false" selected="true" bounds="[216,110][1032,201]" resource-id="com.pozitron.pegasus:id/layout_toolbar_text_view_title" instance="0"/></android.widget.LinearLayout></android.view.ViewGroup><android.widget.FrameLayout index="1" text="" class="android.widget.FrameLayout" package="com.pozitron.pegasus" content-desc="" checkable="false" checked="false" clickable="false" enabled="true" focusable="false" focused="false" scrollable="false" long-clickable="false" password="false" selected="false" bounds="[0,240][1080,1920]" resource-id="com.pozitron.pegasus:id/activity_base_frame_layout" instance="3"><android.support.v7.widget.RecyclerView index="0" text="" class="android.support.v7.widget.RecyclerView" package="com.pozitron.pegasus" content-desc="" checkable="false" checked="false" clickable="false" enabled="true" focusable="true" focused="true" scrollable="true" long-clickable="false" password="false" selected="false" bounds="[0,240][1080,1920]" resource-id="com.pozitron.pegasus:id/fragment_profile_recycler_view" instance="0"><android.widget.FrameLayout index="0" text="" class="android.widget.FrameLayout" package="com.pozitron.pegasus" content-desc="" checkable="false" checked="false" clickable="true" enabled="true" focusable="false" focused="false" scrollable="false" long-clickable="true" password="false" selected="false" bounds="[48,240][1032,605]" resource-id="" instance="4"><android.widget.LinearLayout index="0" text="" class="android.widget.LinearLayout" package="com.pozitron.pegasus" content-desc="" checkable="false" checked="false" clickable="false" enabled="true" focusable="false" focused="false" scrollable="false" long-clickable="false" password="false" selected="false" bounds="[48,240][1032,605]" resource-id="" instance="4"><android.widget.ViewSwitcher index="0" text="" class="android.widget.ViewSwitcher" package="com.pozitron.pegasus" content-desc="" checkable="false" checked="false" clickable="false" enabled="true" focusable="false" focused="false" scrollable="false" long-clickable="false" password="false" selected="false" bounds="[96,240][984,394]" resource-id="com.pozitron.pegasus:id/list_item_profile_point_detail_status" instance="0"><android.widget.LinearLayout index="0" text="" class="android.widget.LinearLayout" package="com.pozitron.pegasus" content-desc="" checkable="false" checked="false" clickable="false" enabled="true" focusable="false" focused="false" scrollable="false" long-clickable="false" password="false" selected="false" bounds="[96,240][984,394]" resource-id="" instance="5"><android.widget.TextView index="1" text="Yeni bir uçuş arayarak seyahat tutkunuzu avantaja çevirmeye başlayabilirsiniz." class="android.widget.TextView" package="com.pozitron.pegasus" content-desc="" checkable="false" checked="false" clickable="false" enabled="true" focusable="false" focused="false" scrollable="false" long-clickable="false" password="false" selected="false" bounds="[96,240][984,394]" resource-id="" instance="1"/></android.widget.LinearLayout></android.widget.ViewSwitcher><android.view.View index="1" text="" class="android.view.View" package="com.pozitron.pegasus" content-desc="" checkable="false" checked="false" clickable="false" enabled="true" focusable="false" focused="false" scrollable="false" long-clickable="false" password="false" selected="false" bounds="[96,442][1032,445]" resource-id="" instance="0"/><android.widget.LinearLayout index="2" text="" class="android.widget.LinearLayout" package="com.pozitron.pegasus" content-desc="" checkable="false" checked="false" clickable="true" enabled="true" focusable="false" focused="false" scrollable="false" long-clickable="false" password="false" selected="false" bounds="[96,493][984,557]" resource-id="com.pozitron.pegasus:id/list_item_profile_point_detail_layout_detail" instance="6"><android.widget.TextView index="0" text="PUAN DETAYLARI" class="android.widget.TextView" package="com.pozitron.pegasus" content-desc="" checkable="false" checked="false" clickable="false" enabled="true" focusable="false" focused="false" scrollable="false" long-clickable="false" password="false" selected="false" bounds="[96,493][948,557]" resource-id="" instance="2"/><android.widget.ImageView index="1" text="" class="android.widget.ImageView" package="com.pozitron.pegasus" content-desc="" checkable="false" checked="false" clickable="false" enabled="true" focusable="false" focused="false" scrollable="false" long-clickable="false" password="false" selected="false" bounds="[948,501][984,549]" resource-id="" instance="0"/></android.widget.LinearLayout></android.widget.LinearLayout></android.widget.FrameLayout><android.widget.FrameLayout index="1" text="" class="android.widget.FrameLayout" package="com.pozitron.pegasus" content-desc="" checkable="false" checked="false" clickable="true" enabled="true" focusable="false" focused="false" scrollable="false" long-clickable="true" password="false" selected="false" bounds="[48,653][1032,1245]" resource-id="" instance="5"><android.widget.LinearLayout index="0" text="" class="android.widget.LinearLayout" package="com.pozitron.pegasus" content-desc="" checkable="false" checked="false" clickable="false" enabled="true" focusable="false" focused="false" scrollable="false" long-clickable="false" password="false" selected="false" bounds="[96,701][984,1197]" resource-id="" instance="7"><android.widget.TextView index="0" text="Pegasus BolBol hesabınızı kullanmadan aldığınız uçuşları hesabınıza ekleyerek, bu uçuşlardan da BolPuan kazanın" class="android.widget.TextView" package="com.pozitron.pegasus" content-desc="" checkable="false" checked="false" clickable="false" enabled="true" focusable="false" focused="false" scrollable="false" long-clickable="false" password="false" selected="false" bounds="[96,701][984,993]" resource-id="" instance="3"/><android.widget.Button index="1" text="UÇUŞ EKLE" class="android.widget.Button" package="com.pozitron.pegasus" content-desc="" checkable="false" checked="false" clickable="true" enabled="true" focusable="true" focused="false" scrollable="false" long-clickable="false" password="false" selected="false" bounds="[96,1053][984,1197]" resource-id="com.pozitron.pegasus:id/list_item_profile_point_add_button_add" instance="0"/></android.widget.LinearLayout></android.widget.FrameLayout><android.widget.FrameLayout index="2" text="" class="android.widget.FrameLayout" package="com.pozitron.pegasus" content-desc="" checkable="false" checked="false" clickable="true" enabled="true" focusable="false" focused="false" scrollable="false" long-clickable="true" password="false" selected="false" bounds="[48,1293][1032,1462]" resource-id="" instance="6"><android.widget.LinearLayout index="0" text="" class="android.widget.LinearLayout" package="com.pozitron.pegasus" content-desc="" checkable="false" checked="false" clickable="true" enabled="true" focusable="false" focused="false" scrollable="false" long-clickable="false" password="false" selected="false" bounds="[96,1341][984,1414]" resource-id="com.pozitron.pegasus:id/list_item_profile_history_layout_history" instance="8"><android.widget.TextView index="0" text="SEYAHAT GEÇMİŞİ" class="android.widget.TextView" package="com.pozitron.pegasus" content-desc="" checkable="false" checked="false" clickable="false" enabled="true" focusable="false" focused="false" scrollable="false" long-clickable="false" password="false" selected="false" bounds="[96,1341][948,1414]" resource-id="" instance="4"/><android.widget.ImageView index="1" text="" class="android.widget.ImageView" package="com.pozitron.pegasus" content-desc="" checkable="false" checked="false" clickable="false" enabled="true" focusable="false" focused="false" scrollable="false" long-clickable="false" password="false" selected="false" bounds="[948,1353][984,1401]" resource-id="" instance="1"/></android.widget.LinearLayout></android.widget.FrameLayout><android.widget.FrameLayout index="3" text="" class="android.widget.FrameLayout" package="com.pozitron.pegasus" content-desc="" checkable="false" checked="false" clickable="true" enabled="true" focusable="false" focused="false" scrollable="false" long-clickable="true" password="false" selected="false" bounds="[48,1510][1032,1679]" resource-id="" instance="7"><android.widget.LinearLayout index="0" text="" class="android.widget.LinearLayout" package="com.pozitron.pegasus" content-desc="" checkable="false" checked="false" clickable="true" enabled="true" focusable="false" focused="false" scrollable="false" long-clickable="false" password="false" selected="false" bounds="[96,1558][984,1631]" resource-id="com.pozitron.pegasus:id/list_item_profile_settings_layout_settings" instance="9"><android.widget.TextView index="0" text="ÜYELİK AYARLARI" class="android.widget.TextView" package="com.pozitron.pegasus" content-desc="" checkable="false" checked="false" clickable="false" enabled="true" focusable="false" focused="false" scrollable="false" long-clickable="false" password="false" selected="false" bounds="[96,1558][603,1631]" resource-id="com.pozitron.pegasus:id/list_item_profile_settings_text_view" instance="5"/><android.widget.ImageView index="1" text="" class="android.widget.ImageView" package="com.pozitron.pegasus" content-desc="" checkable="false" checked="false" clickable="false" enabled="true" focusable="false" focused="false" scrollable="false" long-clickable="false" password="false" selected="false" bounds="[948,1570][984,1618]" resource-id="" instance="2"/></android.widget.LinearLayout></android.widget.FrameLayout><android.widget.FrameLayout index="4" text="" class="android.widget.FrameLayout" package="com.pozitron.pegasus" content-desc="" checkable="false" checked="false" clickable="true" enabled="true" focusable="false" focused="false" scrollable="false" long-clickable="true" password="false" selected="false" bounds="[48,1727][1032,1872]" resource-id="" instance="8"><android.widget.TextView index="0" text="ÇIKIŞ YAP" class="android.widget.TextView" package="com.pozitron.pegasus" content-desc="" checkable="false" checked="false" clickable="true" enabled="true" focusable="false" focused="false" scrollable="false" long-clickable="false" password="false" selected="false" bounds="[398,1763][682,1836]" resource-id="com.pozitron.pegasus:id/list_item_profile_logout_textview_title" instance="6"/></android.widget.FrameLayout></android.support.v7.widget.RecyclerView></android.widget.FrameLayout></android.widget.LinearLayout></android.widget.FrameLayout></android.widget.LinearLayout></android.widget.FrameLayout></android.widget.LinearLayout><android.view.View index="1" text="" class="android.view.View" package="com.pozitron.pegasus" content-desc="" checkable="false" checked="false" clickable="false" enabled="true" focusable="false" focused="false" scrollable="false" long-clickable="false" password="false" selected="false" bounds="[0,0][1080,72]" resource-id="android:id/statusBarBackground" instance="1"/></android.widget.FrameLayout></hierarchy>
2019-03-30 01:14:35 INFO  BaseTest:33 - *** PLATFORM : null
2019-03-30 01:15:26 INFO  BaseTest:33 - *** PLATFORM : null
2019-03-30 01:16:08 INFO  BaseTest:33 - *** PLATFORM : null
2019-03-30 01:16:50 INFO  BaseTest:33 - *** PLATFORM : null
2019-03-30 01:17:12 INFO  BaseTest:19 - text:istanbul
2019-03-30 01:17:20 INFO  BaseTest:40 - expected element : Istanbul Tümü
2019-03-30 01:17:20 INFO  BaseTest:41 - incoming element : istanbul tümü
2019-03-30 01:17:20 INFO  BaseTest:44 - istanbul tümü ve istanbul tümü elementleri eşit
2019-03-30 01:17:21 INFO  BaseTest:19 - text:adana
2019-03-30 01:17:30 INFO  BaseTest:40 - expected element : adana
2019-03-30 01:17:30 INFO  BaseTest:41 - incoming element : adana
2019-03-30 01:17:30 INFO  BaseTest:44 - adana ve adana elementleri eşit
2019-03-30 01:17:41 INFO  BaseTest:71 - 1. swipe yapılıyor
2019-03-30 01:17:42 INFO  BaseTest:71 - 2. swipe yapılıyor
2019-03-30 01:17:44 INFO  BaseTest:71 - 3. swipe yapılıyor
2019-03-30 01:17:45 INFO  BaseTest:71 - 4. swipe yapılıyor
2019-03-30 01:17:47 INFO  BaseTest:71 - 5. swipe yapılıyor
2019-03-30 01:17:48 INFO  BaseTest:71 - 6. swipe yapılıyor
2019-03-30 01:17:49 INFO  BaseTest:68 - TICKETelement exists
2019-03-30 01:18:52 INFO  BaseTest:33 - *** PLATFORM : null
2019-03-30 01:19:14 INFO  BaseTest:19 - text:istanbul
2019-03-30 01:19:22 INFO  BaseTest:40 - expected element : Istanbul Tümü
2019-03-30 01:19:22 INFO  BaseTest:41 - incoming element : istanbul tümü
2019-03-30 01:19:22 INFO  BaseTest:44 - istanbul tümü ve istanbul tümü elementleri eşit
2019-03-30 01:19:23 INFO  BaseTest:19 - text:adana
2019-03-30 01:19:31 INFO  BaseTest:40 - expected element : adana
2019-03-30 01:19:31 INFO  BaseTest:41 - incoming element : adana
2019-03-30 01:19:31 INFO  BaseTest:44 - adana ve adana elementleri eşit
2019-03-30 01:19:45 INFO  BaseTest:71 - 1. swipe yapılıyor
2019-03-30 01:19:46 INFO  BaseTest:71 - 2. swipe yapılıyor
2019-03-30 01:19:48 INFO  BaseTest:71 - 3. swipe yapılıyor
2019-03-30 01:19:49 INFO  BaseTest:71 - 4. swipe yapılıyor
2019-03-30 01:19:51 INFO  BaseTest:71 - 5. swipe yapılıyor
2019-03-30 01:19:51 INFO  BaseTest:68 - TICKETelement exists
2019-03-30 17:05:04 INFO  BaseTest:33 - *** PLATFORM : null
2019-03-30 17:06:03 INFO  BaseTest:33 - *** PLATFORM : null
2019-03-30 17:09:30 INFO  BaseTest:33 - *** PLATFORM : null
2019-03-30 17:10:35 INFO  BaseTest:33 - *** PLATFORM : null
2019-03-30 17:10:57 INFO  BaseTest:21 - text:istanbul
2019-03-30 17:11:05 INFO  BaseTest:42 - expected element : Istanbul Tümü
2019-03-30 17:11:05 INFO  BaseTest:43 - incoming element : istanbul tümü
2019-03-30 17:11:05 INFO  BaseTest:46 - istanbul tümü and istanbul tümü elements are equal to each other
2019-03-30 17:11:06 INFO  BaseTest:21 - text:adana
2019-03-30 17:11:14 INFO  BaseTest:42 - expected element : adana
2019-03-30 17:11:14 INFO  BaseTest:43 - incoming element : adana
2019-03-30 17:11:14 INFO  BaseTest:46 - adana and adana elements are equal to each other
2019-03-30 17:11:29 INFO  BaseTest:73 - 1. swipe is being done
2019-03-30 17:11:30 INFO  BaseTest:73 - 2. swipe is being done
2019-03-30 17:11:32 INFO  BaseTest:73 - 3. swipe is being done
2019-03-30 17:11:33 INFO  BaseTest:73 - 4. swipe is being done
2019-03-30 17:11:34 INFO  BaseTest:73 - 5. swipe is being done
2019-03-30 17:11:35 INFO  BaseTest:70 - TICKETelement exists
2019-03-30 20:44:51 INFO  BaseTest:33 - *** PLATFORM : null
2019-03-30 20:46:12 INFO  BaseTest:33 - *** PLATFORM : null
2019-03-30 20:53:23 INFO  BaseTest:33 - *** PLATFORM : null
2019-03-30 20:53:56 INFO  BaseTest:92 - Pop Up does not exist !
2019-03-30 20:53:57 INFO  BaseTest:21 - text:istanbul
2019-03-30 20:54:08 INFO  BaseTest:42 - expected element : Istanbul Tümü
2019-03-30 20:54:08 INFO  BaseTest:43 - incoming element : istanbul tümü
2019-03-30 20:54:08 INFO  BaseTest:46 - istanbul tümü and istanbul tümü elements are equal to each other
2019-03-30 20:54:09 INFO  BaseTest:21 - text:adana
2019-03-30 20:54:17 INFO  BaseTest:42 - expected element : adana
2019-03-30 20:54:17 INFO  BaseTest:43 - incoming element : adana
2019-03-30 20:54:17 INFO  BaseTest:46 - adana and adana elements are equal to each other
2019-03-30 20:55:28 INFO  BaseTest:33 - *** PLATFORM : null
2019-03-30 20:57:52 INFO  BaseTest:33 - *** PLATFORM : null
2019-03-30 20:58:25 INFO  BaseTest:91 - Pop Up does not exist !
2019-03-30 20:58:28 INFO  BaseTest:21 - text:istanbul
2019-03-31 10:13:36 INFO  BaseTest:33 - *** PLATFORM : null
2019-03-31 10:14:23 INFO  BaseTest:91 - Pop Up does not exist !
2019-03-31 10:14:24 INFO  BaseTest:21 - text:istanbul
2019-03-31 10:14:33 INFO  BaseTest:42 - expected element : Istanbul Tümü
2019-03-31 10:14:33 INFO  BaseTest:43 - incoming element : istanbul tümü
2019-03-31 10:14:33 INFO  BaseTest:46 - istanbul tümü and istanbul tümü elements are equal to each other
2019-03-31 10:14:33 INFO  BaseTest:21 - text:adana
2019-03-31 10:14:41 INFO  BaseTest:42 - expected element : adana
2019-03-31 10:14:41 INFO  BaseTest:43 - incoming element : adana
2019-03-31 10:14:41 INFO  BaseTest:46 - adana and adana elements are equal to each other
2019-03-31 10:14:55 INFO  BaseTest:73 - 1. swipe is being done
2019-03-31 10:14:57 INFO  BaseTest:73 - 2. swipe is being done
2019-03-31 10:14:59 INFO  BaseTest:73 - 3. swipe is being done
2019-03-31 10:15:00 INFO  BaseTest:73 - 4. swipe is being done
2019-03-31 10:15:01 INFO  BaseTest:73 - 5. swipe is being done
2019-03-31 10:15:02 INFO  BaseTest:70 - TICKETelement exists
